g:\temp\cryptography（郭琪vs2015）\code0\code\release\code.pch
g:\temp\cryptography（郭琪vs2015）\code0\code\release\vc140.pdb
g:\temp\cryptography（郭琪vs2015）\code0\code\release\stdafx.obj
g:\temp\cryptography（郭琪vs2015）\code0\code\release\yuepudialog.obj
g:\temp\cryptography（郭琪vs2015）\code0\code\release\utils.obj
g:\temp\cryptography（郭琪vs2015）\code0\code\release\rsalib.obj
g:\temp\cryptography（郭琪vs2015）\code0\code\release\rsadialog.obj
g:\temp\cryptography（郭琪vs2015）\code0\code\release\czhouqizhihuan.obj
g:\temp\cryptography（郭琪vs2015）\code0\code\release\cyiweidaihuan.obj
g:\temp\cryptography（郭琪vs2015）\code0\code\release\cvigenere.obj
g:\temp\cryptography（郭琪vs2015）\code0\code\release\clogindlg.obj
g:\temp\cryptography（郭琪vs2015）\code0\code\release\code.obj
g:\temp\cryptography（郭琪vs2015）\code0\code\release\cmaindialog.obj
g:\temp\cryptography（郭琪vs2015）\code0\code\release\cliezhihuan.obj
g:\temp\cryptography（郭琪vs2015）\code0\code\release\caboutrsa.obj
g:\temp\cryptography（郭琪vs2015）\code0\code\release\cabouthelp.obj
g:\temp\cryptography（郭琪vs2015）\code0\code\release\caboutgudian.obj
g:\temp\cryptography（郭琪vs2015）\code0\code\release\caboutaes.obj
g:\temp\cryptography（郭琪vs2015）\code0\code\release\bmp.obj
g:\temp\cryptography（郭琪vs2015）\code0\code\release\bigint.obj
g:\temp\cryptography（郭琪vs2015）\code0\code\release\aesdlg.obj
g:\temp\cryptography（郭琪vs2015）\code0\code\release\aes.obj
g:\temp\cryptography（郭琪vs2015）\code0\release\code.exe
g:\temp\cryptography（郭琪vs2015）\code0\release\code.ipdb
g:\temp\cryptography（郭琪vs2015）\code0\release\code.iobj
g:\temp\cryptography（郭琪vs2015）\code0\code\release\code.exe.intermediate.manifest
g:\temp\cryptography（郭琪vs2015）\code0\release\code.pdb
g:\temp\cryptography（郭琪vs2015）\code0\release\code.exe.manifest
g:\temp\cryptography（郭琪vs2015）\code0\code\release\code.res
g:\temp\cryptography（郭琪vs2015）\code0\code\release\code.tlog\cl.command.1.tlog
g:\temp\cryptography（郭琪vs2015）\code0\code\release\code.tlog\cl.read.1.tlog
g:\temp\cryptography（郭琪vs2015）\code0\code\release\code.tlog\cl.write.1.tlog
g:\temp\cryptography（郭琪vs2015）\code0\code\release\code.tlog\link.command.1.tlog
g:\temp\cryptography（郭琪vs2015）\code0\code\release\code.tlog\link.read.1.tlog
g:\temp\cryptography（郭琪vs2015）\code0\code\release\code.tlog\link.write.1.tlog
g:\temp\cryptography（郭琪vs2015）\code0\code\release\code.tlog\mt.command.1.tlog
g:\temp\cryptography（郭琪vs2015）\code0\code\release\code.tlog\mt.read.1.tlog
g:\temp\cryptography（郭琪vs2015）\code0\code\release\code.tlog\mt.write.1.tlog
g:\temp\cryptography（郭琪vs2015）\code0\code\release\code.tlog\rc.command.1.tlog
g:\temp\cryptography（郭琪vs2015）\code0\code\release\code.tlog\rc.read.1.tlog
g:\temp\cryptography（郭琪vs2015）\code0\code\release\code.tlog\rc.write.1.tlog
